<?xml version="1.0" encoding="UTF-8"?>
<!-- Generated by org.testng.reporters.JUnitReportReporter -->
<testsuite skipped="0" hostname="DESKTOP-M4NOB00" name="testRunner.T24TestRunnerClass" tests="1" failures="0" timestamp="07 Dec 2019 15:46:13 GMT" time="0.000" errors="0">
  <testcase name="feature" time="0.000" classname="testRunner.T24TestRunnerClass"/>
</testsuite> <!-- testRunner.T24TestRunnerClass -->
