<?xml version="1.0" encoding="UTF-8"?>
<!-- Generated by org.testng.reporters.JUnitReportReporter -->
<testsuite skipped="0" hostname="DESKTOP-M4NOB00" name="cucumberRunner.T24TestRunnerClass" tests="1" failures="0" timestamp="08 Dec 2019 04:26:21 GMT" time="33.451" errors="0">
  <testcase name="feature" time="33.451" classname="cucumberRunner.T24TestRunnerClass"/>
</testsuite> <!-- cucumberRunner.T24TestRunnerClass -->
